<?xml version="1.0" encoding="UTF-8"?>
<testng-results ignored="0" total="1" passed="1" failed="0" skipped="0">
  <reporter-output>
  </reporter-output>
  <suite started-at="2024-10-04T10:43:17 IST" name="Default suite" finished-at="2024-10-04T10:43:21 IST" duration-ms="4522">
    <groups>
    </groups>
    <test started-at="2024-10-04T10:43:17 IST" name="Default test" finished-at="2024-10-04T10:43:21 IST" duration-ms="4522">
      <class name="Securitycontrol.RolesAndSharing">
        <test-method signature="collapseall_role()[pri:4, instance:Securitycontrol.RolesAndSharing@6da21078]" started-at="2024-10-04T10:43:17 IST" name="collapseall_role" finished-at="2024-10-04T10:43:21 IST" duration-ms="4492" status="PASS">
          <reporter-output>
          </reporter-output>
        </test-method> <!-- collapseall_role -->
      </class> <!-- Securitycontrol.RolesAndSharing -->
    </test> <!-- Default test -->
  </suite> <!-- Default suite -->
</testng-results>
